This is pdfTeX, Version 3.14159265-2.6-1.40.15 (TeX Live 2015/dev/Debian) (preloaded format=pdflatex 2015.10.20)  2 DEC 2015 12:59
entering extended mode
 restricted \write18 enabled.
 %&-line parsing enabled.
**cover.tex
(./cover.tex
LaTeX2e <2014/05/01>
Babel <3.9l> and hyphenation patterns for 79 languages loaded.
! Undefined control sequence.
<argument> \undefinedpagestyle 
                               
l.1 \thispagestyle{cover}
                         
The control sequence at the end of the top line
of your error message was never \def'ed. If you have
misspelled it (e.g., `\hobx'), type `I' and the correct
spelling (e.g., `I\hbox'). Otherwise just continue,
and I'll forget about whatever was undefined.

! Undefined control sequence.
l.3 \includegraphics
                    [scale=0.3]{logo_univ.jpg}
The control sequence at the end of the top line
of your error message was never \def'ed. If you have
misspelled it (e.g., `\hobx'), type `I' and the correct
spelling (e.g., `I\hbox'). Otherwise just continue,
and I'll forget about whatever was undefined.


! LaTeX Error: Missing \begin{document}.

See the LaTeX manual or LaTeX Companion for explanation.
Type  H <return>  for immediate help.
 ...                                              
                                                  
l.3 \includegraphics[
                     scale=0.3]{logo_univ.jpg}
You're in trouble here.  Try typing  <return>  to proceed.
If that doesn't work, type  X <return>  to quit.

Missing character: There is no [ in font nullfont!
Missing character: There is no s in font nullfont!
Missing character: There is no c in font nullfont!
Missing character: There is no a in font nullfont!
Missing character: There is no l in font nullfont!
Missing character: There is no e in font nullfont!
Missing character: There is no = in font nullfont!
Missing character: There is no 0 in font nullfont!
Missing character: There is no . in font nullfont!
Missing character: There is no 3 in font nullfont!
Missing character: There is no ] in font nullfont!
Missing character: There is no l in font nullfont!
Missing character: There is no o in font nullfont!
Missing character: There is no g in font nullfont!
Missing character: There is no o in font nullfont!
! Missing $ inserted.
<inserted text> 
                $
l.3 \includegraphics[scale=0.3]{logo_
                                     univ.jpg}
I've inserted a begin-math/end-math symbol since I think
you left one out. Proceed, with fingers crossed.

LaTeX Font Info:    External font `cmex10' loaded for size
(Font)              <7> on input line 3.
LaTeX Font Info:    External font `cmex10' loaded for size
(Font)              <5> on input line 3.
! Extra }, or forgotten $.
l.3 \includegraphics[scale=0.3]{logo_univ.jpg}
                                              
I've deleted a group-closing symbol because it seems to be
spurious, as in `$x}$'. But perhaps the } is legitimate and
you forgot something else, as in `\hbox{$x}'. In such cases
the way to recover is to insert both the forgotten and the
deleted material, e.g., by typing `I$}'.

! Undefined control sequence.
l.4  \hfill \includegraphics
                            [scale=0.4]{logo_ieea.jpg} \\
The control sequence at the end of the top line
of your error message was never \def'ed. If you have
misspelled it (e.g., `\hobx'), type `I' and the correct
spelling (e.g., `I\hbox'). Otherwise just continue,
and I'll forget about whatever was undefined.

! Missing $ inserted.
<inserted text> 
                $
l.5 
    
I've inserted a begin-math/end-math symbol since I think
you left one out. Proceed, with fingers crossed.


Overfull \hbox (92.98062pt too wide) in paragraph at lines 3--5
[]$[]\OML/cmm/m/it/10 niv:jpg \OT1/cmr/m/n/10 [\OML/cmm/m/it/10 scale \OT1/cmr/
m/n/10 =
 []


Overfull \hbox (69.11479pt too wide) in paragraph at lines 3--5
\OT1/cmr/m/n/10 0\OML/cmm/m/it/10 :\OT1/cmr/m/n/10 4][][] 
 []


! LaTeX Error: Missing \begin{document}.

See the LaTeX manual or LaTeX Companion for explanation.
Type  H <return>  for immediate help.
 ...                                              
                                                  
l.8 \begin{center}
                  
You're in trouble here.  Try typing  <return>  to proceed.
If that doesn't work, type  X <return>  to quit.


Overfull \hbox (20.0pt too wide) in paragraph at lines 8--8
[] 
 []


! LaTeX Error: Environment Huge undefined.

See the LaTeX manual or LaTeX Companion for explanation.
Type  H <return>  for immediate help.
 ...                                              
                                                  
l.15 		\begin{Huge}
                    \textbf{???} \end{Huge}\\[4mm]
Your command was ignored.
Type  I <command> <return>  to replace it with another command,
or  <return>  to continue without it.


! LaTeX Error: \begin{center} on input line 8 ended by \end{Huge}.

See the LaTeX manual or LaTeX Companion for explanation.
Type  H <return>  for immediate help.
 ...                                              
                                                  
l.15 		\begin{Huge} \textbf{???} \end{Huge}
                                           \\[4mm]
Your command was ignored.
Type  I <command> <return>  to replace it with another command,
or  <return>  to continue without it.


Overfull \hbox (16.29158pt too wide) in paragraph at lines 15--15
 []\OT1/cmr/bx/n/10 ??? 
 []


! LaTeX Error: Environment Huge undefined.

See the LaTeX manual or LaTeX Companion for explanation.
Type  H <return>  for immediate help.
 ...                                              
                                                  
l.16 		\begin{Huge}
                    \textbf{???} \end{Huge}\\[4mm]
Your command was ignored.
Type  I <command> <return>  to replace it with another command,
or  <return>  to continue without it.


! LaTeX Error: \begin{center} on input line 8 ended by \end{Huge}.

See the LaTeX manual or LaTeX Companion for explanation.
Type  H <return>  for immediate help.
 ...                                              
                                                  
l.16 		\begin{Huge} \textbf{???} \end{Huge}
                                           \\[4mm]
Your command was ignored.
Type  I <command> <return>  to replace it with another command,
or  <return>  to continue without it.


Overfull \hbox (16.29158pt too wide) in paragraph at lines 16--16
 []\OT1/cmr/bx/n/10 ??? 
 []


! LaTeX Error: Environment Huge undefined.

See the LaTeX manual or LaTeX Companion for explanation.
Type  H <return>  for immediate help.
 ...                                              
                                                  
l.17 		\begin{Huge}
                    \textbf{???} \end{Huge}\\[4mm]
Your command was ignored.
Type  I <command> <return>  to replace it with another command,
or  <return>  to continue without it.


! LaTeX Error: \begin{center} on input line 8 ended by \end{Huge}.

See the LaTeX manual or LaTeX Companion for explanation.
Type  H <return>  for immediate help.
 ...                                              
                                                  
l.17 		\begin{Huge} \textbf{???} \end{Huge}
                                           \\[4mm]
Your command was ignored.
Type  I <command> <return>  to replace it with another command,
or  <return>  to continue without it.


Overfull \hbox (16.29158pt too wide) in paragraph at lines 17--17
 []\OT1/cmr/bx/n/10 ??? 
 []

! Undefined control sequence.
l.24 	{\LARGE
              \textit{\underline{Authors} :}}\\
The control sequence at the end of the top line
of your error message was never \def'ed. If you have
misspelled it (e.g., `\hobx'), type `I' and the correct
spelling (e.g., `I\hbox'). Otherwise just continue,
and I'll forget about whatever was undefined.


Overfull \hbox (34.39421pt too wide) in paragraph at lines 24--24
 []$[]$ 
 []


Overfull \hbox (3.64859pt too wide) in paragraph at lines 24--24
 \OT1/cmr/m/it/10 : 
 []

! Undefined control sequence.
l.26 	{\LARGE
              Auteur 1}\\
The control sequence at the end of the top line
of your error message was never \def'ed. If you have
misspelled it (e.g., `\hobx'), type `I' and the correct
spelling (e.g., `I\hbox'). Otherwise just continue,
and I'll forget about whatever was undefined.

Missing character: There is no A in font nullfont!
Missing character: There is no u in font nullfont!
Missing character: There is no t in font nullfont!
Missing character: There is no e in font nullfont!
Missing character: There is no u in font nullfont!
Missing character: There is no r in font nullfont!
Missing character: There is no 1 in font nullfont!
! Undefined control sequence.
l.28 	{\LARGE
              Auteur 2}\\
The control sequence at the end of the top line
of your error message was never \def'ed. If you have
misspelled it (e.g., `\hobx'), type `I' and the correct
spelling (e.g., `I\hbox'). Otherwise just continue,
and I'll forget about whatever was undefined.

Missing character: There is no A in font nullfont!
Missing character: There is no u in font nullfont!
Missing character: There is no t in font nullfont!
Missing character: There is no e in font nullfont!
Missing character: There is no u in font nullfont!
Missing character: There is no r in font nullfont!
Missing character: There is no 2 in font nullfont!
! Undefined control sequence.
l.32 	{\LARGE
             \textsc{$16^{th}$ December 2015}}
The control sequence at the end of the top line
of your error message was never \def'ed. If you have
misspelled it (e.g., `\hobx'), type `I' and the correct
spelling (e.g., `I\hbox'). Otherwise just continue,
and I'll forget about whatever was undefined.


Overfull \hbox (18.20262pt too wide) in paragraph at lines 32--33
 []$\OT1/cmr/m/n/10 16[]$ 
 []


Overfull \hbox (17.64708pt too wide) in paragraph at lines 32--33
 \OT1/cmr/m/sc/10 De- 
 []


Overfull \hbox (22.73318pt too wide) in paragraph at lines 32--33
 \OT1/cmr/m/sc/10 cem- 
 []


Overfull \hbox (17.39993pt too wide) in paragraph at lines 32--33
 \OT1/cmr/m/sc/10 ber 
 []


Overfull \hbox (22.1109pt too wide) in paragraph at lines 32--33
 \OT1/cmr/m/sc/10 2015 
 []

)
! Emergency stop.
<*> cover.tex
             
*** (job aborted, no legal \end found)

 
Here is how much of TeX's memory you used:
 17 strings out of 493105
 248 string characters out of 6137071
 53476 words of memory out of 5000000
 3579 multiletter control sequences out of 15000+600000
 4595 words of font info for 17 fonts, out of 8000000 for 9000
 1141 hyphenation exceptions out of 8191
 18i,3n,12p,81b,138s stack positions out of 5000i,500n,10000p,200000b,80000s
!  ==> Fatal error occurred, no output PDF file produced!
